<?xml version="1.0" encoding="UTF-8"?>
<testng-results ignored="0" total="0" passed="0" failed="0" skipped="0">
  <reporter-output>
  </reporter-output>
  <suite started-at="2026-06-27T16:26:57 SAST" name="MySuite" finished-at="2026-06-27T16:26:57 SAST" duration-ms="30">
    <groups>
    </groups>
    <test started-at="2026-06-27T16:26:57 SAST" name="MyTests" finished-at="2026-06-27T16:26:57 SAST" duration-ms="30">
    </test> <!-- MyTests -->
  </suite> <!-- MySuite -->
</testng-results>
